<?xml version="1.0" encoding="UTF-8"?>
<testsuite xmlns:xsi="http://www.w3.org/2001/XMLSchema-instance" xsi:noNamespaceSchemaLocation="https://maven.apache.org/surefire/maven-surefire-plugin/xsd/surefire-test-report-3.0.xsd" version="3.0" name="TestVitor" time="3.186" tests="2" errors="0" skipped="0" failures="0">
  <properties>
    <property name="sun.desktop" value="windows"/>
    <property name="awt.toolkit" value="sun.awt.windows.WToolkit"/>
    <property name="java.specification.version" value="11"/>
    <property name="sun.cpu.isalist" value="amd64"/>
    <property name="sun.jnu.encoding" value="Cp1252"/>
    <property name="java.class.path" value="C:\vitor\UserBlog\target\test-classes;C:\vitor\UserBlog\target\classes;C:\Users\vbinsfe\.m2\repository\io\rest-assured\rest-assured\4.0.0\rest-assured-4.0.0.jar;C:\Users\vbinsfe\.m2\repository\org\codehaus\groovy\groovy\2.5.6\groovy-2.5.6.jar;C:\Users\vbinsfe\.m2\repository\org\codehaus\groovy\groovy-xml\2.5.6\groovy-xml-2.5.6.jar;C:\Users\vbinsfe\.m2\repository\org\apache\httpcomponents\httpclient\4.5.3\httpclient-4.5.3.jar;C:\Users\vbinsfe\.m2\repository\org\apache\httpcomponents\httpcore\4.4.6\httpcore-4.4.6.jar;C:\Users\vbinsfe\.m2\repository\commons-logging\commons-logging\1.2\commons-logging-1.2.jar;C:\Users\vbinsfe\.m2\repository\commons-codec\commons-codec\1.9\commons-codec-1.9.jar;C:\Users\vbinsfe\.m2\repository\org\apache\httpcomponents\httpmime\4.5.3\httpmime-4.5.3.jar;C:\Users\vbinsfe\.m2\repository\org\hamcrest\hamcrest-core\2.1\hamcrest-core-2.1.jar;C:\Users\vbinsfe\.m2\repository\org\hamcrest\hamcrest\2.1\hamcrest-2.1.jar;C:\Users\vbinsfe\.m2\repository\org\hamcrest\hamcrest-library\2.1\hamcrest-library-2.1.jar;C:\Users\vbinsfe\.m2\repository\org\ccil\cowan\tagsoup\tagsoup\1.2.1\tagsoup-1.2.1.jar;C:\Users\vbinsfe\.m2\repository\io\rest-assured\json-path\4.0.0\json-path-4.0.0.jar;C:\Users\vbinsfe\.m2\repository\org\codehaus\groovy\groovy-json\2.5.6\groovy-json-2.5.6.jar;C:\Users\vbinsfe\.m2\repository\io\rest-assured\rest-assured-common\4.0.0\rest-assured-common-4.0.0.jar;C:\Users\vbinsfe\.m2\repository\io\rest-assured\xml-path\4.0.0\xml-path-4.0.0.jar;C:\Users\vbinsfe\.m2\repository\org\apache\commons\commons-lang3\3.4\commons-lang3-3.4.jar;C:\Users\vbinsfe\.m2\repository\javax\xml\bind\jaxb-api\2.2.12\jaxb-api-2.2.12.jar;C:\Users\vbinsfe\.m2\repository\com\sun\xml\bind\jaxb-osgi\2.2.10\jaxb-osgi-2.2.10.jar;C:\Users\vbinsfe\.m2\repository\org\apache\sling\org.apache.sling.javax.activation\0.1.0\org.apache.sling.javax.activation-0.1.0.jar;C:\Users\vbinsfe\.m2\repository\javax\activation\activation\1.1.1\activation-1.1.1.jar;C:\Users\vbinsfe\.m2\repository\junit\junit\4.12\junit-4.12.jar;C:\Users\vbinsfe\.m2\repository\com\jayway\jsonpath\json-path\2.7.0\json-path-2.7.0.jar;C:\Users\vbinsfe\.m2\repository\net\minidev\json-smart\2.4.7\json-smart-2.4.7.jar;C:\Users\vbinsfe\.m2\repository\net\minidev\accessors-smart\2.4.7\accessors-smart-2.4.7.jar;C:\Users\vbinsfe\.m2\repository\org\ow2\asm\asm\9.1\asm-9.1.jar;C:\Users\vbinsfe\.m2\repository\org\slf4j\slf4j-api\1.7.33\slf4j-api-1.7.33.jar;"/>
    <property name="java.vm.vendor" value="Oracle Corporation"/>
    <property name="sun.arch.data.model" value="64"/>
    <property name="user.variant" value=""/>
    <property name="java.vendor.url" value="https://openjdk.java.net/"/>
    <property name="user.timezone" value="America/Sao_Paulo"/>
    <property name="java.vm.specification.version" value="11"/>
    <property name="os.name" value="Windows 10"/>
    <property name="sun.java.launcher" value="SUN_STANDARD"/>
    <property name="user.country" value="BR"/>
    <property name="sun.boot.library.path" value="C:\Program Files\Java\jdk-11.0.11\bin"/>
    <property name="sun.java.command" value="C:\Users\vbinsfe\AppData\Local\Temp\surefire9188441606564661081\surefirebooter10077884585641586071.jar C:\Users\vbinsfe\AppData\Local\Temp\surefire9188441606564661081 2022-03-03T15-01-08_630-jvmRun1 surefire2943815076686146947tmp surefire_011625990871404609279tmp"/>
    <property name="jdk.debug" value="release"/>
    <property name="surefire.test.class.path" value="C:\vitor\UserBlog\target\test-classes;C:\vitor\UserBlog\target\classes;C:\Users\vbinsfe\.m2\repository\io\rest-assured\rest-assured\4.0.0\rest-assured-4.0.0.jar;C:\Users\vbinsfe\.m2\repository\org\codehaus\groovy\groovy\2.5.6\groovy-2.5.6.jar;C:\Users\vbinsfe\.m2\repository\org\codehaus\groovy\groovy-xml\2.5.6\groovy-xml-2.5.6.jar;C:\Users\vbinsfe\.m2\repository\org\apache\httpcomponents\httpclient\4.5.3\httpclient-4.5.3.jar;C:\Users\vbinsfe\.m2\repository\org\apache\httpcomponents\httpcore\4.4.6\httpcore-4.4.6.jar;C:\Users\vbinsfe\.m2\repository\commons-logging\commons-logging\1.2\commons-logging-1.2.jar;C:\Users\vbinsfe\.m2\repository\commons-codec\commons-codec\1.9\commons-codec-1.9.jar;C:\Users\vbinsfe\.m2\repository\org\apache\httpcomponents\httpmime\4.5.3\httpmime-4.5.3.jar;C:\Users\vbinsfe\.m2\repository\org\hamcrest\hamcrest-core\2.1\hamcrest-core-2.1.jar;C:\Users\vbinsfe\.m2\repository\org\hamcrest\hamcrest\2.1\hamcrest-2.1.jar;C:\Users\vbinsfe\.m2\repository\org\hamcrest\hamcrest-library\2.1\hamcrest-library-2.1.jar;C:\Users\vbinsfe\.m2\repository\org\ccil\cowan\tagsoup\tagsoup\1.2.1\tagsoup-1.2.1.jar;C:\Users\vbinsfe\.m2\repository\io\rest-assured\json-path\4.0.0\json-path-4.0.0.jar;C:\Users\vbinsfe\.m2\repository\org\codehaus\groovy\groovy-json\2.5.6\groovy-json-2.5.6.jar;C:\Users\vbinsfe\.m2\repository\io\rest-assured\rest-assured-common\4.0.0\rest-assured-common-4.0.0.jar;C:\Users\vbinsfe\.m2\repository\io\rest-assured\xml-path\4.0.0\xml-path-4.0.0.jar;C:\Users\vbinsfe\.m2\repository\org\apache\commons\commons-lang3\3.4\commons-lang3-3.4.jar;C:\Users\vbinsfe\.m2\repository\javax\xml\bind\jaxb-api\2.2.12\jaxb-api-2.2.12.jar;C:\Users\vbinsfe\.m2\repository\com\sun\xml\bind\jaxb-osgi\2.2.10\jaxb-osgi-2.2.10.jar;C:\Users\vbinsfe\.m2\repository\org\apache\sling\org.apache.sling.javax.activation\0.1.0\org.apache.sling.javax.activation-0.1.0.jar;C:\Users\vbinsfe\.m2\repository\javax\activation\activation\1.1.1\activation-1.1.1.jar;C:\Users\vbinsfe\.m2\repository\junit\junit\4.12\junit-4.12.jar;C:\Users\vbinsfe\.m2\repository\com\jayway\jsonpath\json-path\2.7.0\json-path-2.7.0.jar;C:\Users\vbinsfe\.m2\repository\net\minidev\json-smart\2.4.7\json-smart-2.4.7.jar;C:\Users\vbinsfe\.m2\repository\net\minidev\accessors-smart\2.4.7\accessors-smart-2.4.7.jar;C:\Users\vbinsfe\.m2\repository\org\ow2\asm\asm\9.1\asm-9.1.jar;C:\Users\vbinsfe\.m2\repository\org\slf4j\slf4j-api\1.7.33\slf4j-api-1.7.33.jar;"/>
    <property name="sun.cpu.endian" value="little"/>
    <property name="user.home" value="C:\Users\vbinsfe"/>
    <property name="user.language" value="pt"/>
    <property name="java.specification.vendor" value="Oracle Corporation"/>
    <property name="java.version.date" value="2021-04-20"/>
    <property name="java.home" value="C:\Program Files\Java\jdk-11.0.11"/>
    <property name="file.separator" value="\"/>
    <property name="basedir" value="C:\vitor\UserBlog"/>
    <property name="java.vm.compressedOopsMode" value="Zero based"/>
    <property name="line.separator" value="&#10;"/>
    <property name="java.specification.name" value="Java Platform API Specification"/>
    <property name="java.vm.specification.vendor" value="Oracle Corporation"/>
    <property name="java.awt.graphicsenv" value="sun.awt.Win32GraphicsEnvironment"/>
    <property name="surefire.real.class.path" value="C:\Users\vbinsfe\AppData\Local\Temp\surefire9188441606564661081\surefirebooter10077884585641586071.jar"/>
    <property name="user.script" value=""/>
    <property name="sun.management.compiler" value="HotSpot 64-Bit Tiered Compilers"/>
    <property name="java.runtime.version" value="11.0.11+9-LTS-194"/>
    <property name="user.name" value="vbinsfe"/>
    <property name="path.separator" value=";"/>
    <property name="os.version" value="10.0"/>
    <property name="java.runtime.name" value="Java(TM) SE Runtime Environment"/>
    <property name="file.encoding" value="Cp1252"/>
    <property name="java.vm.name" value="Java HotSpot(TM) 64-Bit Server VM"/>
    <property name="java.vendor.version" value="18.9"/>
    <property name="localRepository" value="C:\Users\vbinsfe\.m2\repository"/>
    <property name="java.vendor.url.bug" value="https://bugreport.java.com/bugreport/"/>
    <property name="java.io.tmpdir" value="C:\Users\vbinsfe\AppData\Local\Temp\"/>
    <property name="java.version" value="11.0.11"/>
    <property name="user.dir" value="C:\vitor\UserBlog"/>
    <property name="os.arch" value="amd64"/>
    <property name="java.vm.specification.name" value="Java Virtual Machine Specification"/>
    <property name="java.awt.printerjob" value="sun.awt.windows.WPrinterJob"/>
    <property name="sun.os.patch.level" value=""/>
    <property name="java.library.path" value="C:\Program Files\Java\jdk-11.0.11\bin;C:\WINDOWS\Sun\Java\bin;C:\WINDOWS\system32;C:\WINDOWS;C:\Program Files\Common Files\Oracle\Java\javapath;C:\Program Files (x86)\Common Files\Oracle\Java\javapath;C:\Program Files (x86)\RSA SecurID Token Common;C:\Program Files\RSA SecurID Token Common;C:\WINDOWS\system32;C:\WINDOWS;C:\WINDOWS\System32\Wbem;C:\WINDOWS\System32\WindowsPowerShell\v1.0\;C:\WINDOWS\System32\OpenSSH\;C:\Program Files (x86)\Webex\Plugins;C:\Program Files\nodejs\;C:\Users\vbinsfe\AppData\Local\Microsoft\WindowsApps;C:\apache-maven-3.8.3\bin;C:\Program Files\Java\jdk-11.0.11\bin;C:\Users\vbinsfe\AppData\Local\Programs\Git\cmd;C:\Program Files (x86)\Diffuse;C:\Microsoft VS Code\bin;C:\gradle\gradle-7.4-bin\gradle-7.4\bin;;."/>
    <property name="java.vendor" value="Oracle Corporation"/>
    <property name="java.vm.info" value="mixed mode"/>
    <property name="java.vm.version" value="11.0.11+9-LTS-194"/>
    <property name="sun.io.unicode.encoding" value="UnicodeLittle"/>
    <property name="java.class.version" value="55.0"/>
  </properties>
  <testcase name="cenarioDois" classname="TestVitor" time="0.002">
    <system-out><![CDATA[vitor
]]></system-out>
  </testcase>
  <testcase name="outrasFormasDeTestar" classname="TestVitor" time="3.142">
    <system-out><![CDATA[81
Vella.Mayer@colten.net
Caleb_Dach@kathleen.us
Patience_Bahringer@dameon.biz
Destinee.Simonis@jose.tv
Keshaun@brown.biz
82
Merle.Schultz@marcel.org
Malvina_Fay@louie.name
Domenick_Douglas@gabe.us
Isaac@allene.net
Marianna.Pacocha@george.net
83
Sister_Barton@lela.com
Autumn.Lebsack@kasandra.ca
Irma.OKon@arden.me
Alaina_Hammes@carter.info
Alia@addison.org
84
Aurelie_McKenzie@providenci.biz
May_Steuber@virgil.net
Tessie@emilie.co.uk
Priscilla@colten.org
Aylin@abigale.me
85
Holden@kenny.io
Guillermo_Dare@dorothea.tv
Oscar@pearline.com
Jonathon_Feest@maxime.io
Micah_Wolf@lennie.co.uk
86
Shany@daisha.biz
Drew_Lemke@alexis.net
Karina.Donnelly@liam.com
Ahmed_Runolfsson@claire.name
Marilou_Halvorson@kane.io
87
Bernie.Schoen@seamus.co.uk
Joesph@darryl.net
Timmothy.Corwin@augustus.co.uk
Julien_OHara@vance.io
Susan.Bartell@euna.org
88
Selena.Quigley@johan.co.uk
Clifton_Boehm@jacynthe.io
Lizzie_Bartell@diamond.net
Yasmeen@golda.ca
Adolf.Russel@clark.ca
89
Elian@matilda.me
Salma@francis.net
Orlando_Dickinson@vern.org
Elda@orval.name
Dennis@karley.net
90
Jedediah@mason.io
Maryam@jack.name
Rick@carlos.tv
Vallie@jerrod.net
Adolph.Hayes@isobel.biz
]]></system-out>
  </testcase>
</testsuite>